<?xml version="1.0" encoding="UTF-8"?>
<!-- Generated by org.testng.reporters.JUnitReportReporter -->
<testsuite skipped="0" hostname="qburst" name="com.qburst.testing.automationcore.testng.TeslaTest" tests="1" failures="0" timestamp="2022-12-06T14:51:41 IST" time="19.777" errors="0">
  <testcase name="vefifySafteyText" time="19.777" classname="com.qburst.testing.automationcore.testng.TeslaTest"/>
  <system-out/>
</testsuite> <!-- com.qburst.testing.automationcore.testng.TeslaTest -->
